{"/home/lmacedo/Documents/projects/personal/github/ticket/api/tests/user.js": {"path":"/home/lmacedo/Documents/projects/personal/github/ticket/api/tests/user.js","all":false,"statementMap":{"0":{"start":{"line":1,"column":0},"end":{"line":1,"column":53}},"1":{"start":{"line":2,"column":0},"end":{"line":2,"column":29}},"2":{"start":{"line":3,"column":0},"end":{"line":3,"column":49}},"3":{"start":{"line":4,"column":0},"end":{"line":4,"column":16}},"4":{"start":{"line":5,"column":0},"end":{"line":5,"column":20}},"5":{"start":{"line":6,"column":0},"end":{"line":6,"column":22}},"6":{"start":{"line":7,"column":0},"end":{"line":7,"column":28}},"7":{"start":{"line":8,"column":0},"end":{"line":8,"column":20}},"8":{"start":{"line":9,"column":0},"end":{"line":9,"column":3}},"9":{"start":{"line":10,"column":0},"end":{"line":10,"column":0}},"10":{"start":{"line":11,"column":0},"end":{"line":11,"column":35}},"11":{"start":{"line":12,"column":0},"end":{"line":12,"column":23}},"12":{"start":{"line":13,"column":0},"end":{"line":13,"column":18}},"13":{"start":{"line":14,"column":0},"end":{"line":14,"column":12}},"14":{"start":{"line":15,"column":0},"end":{"line":15,"column":23}},"15":{"start":{"line":16,"column":0},"end":{"line":16,"column":28}},"16":{"start":{"line":17,"column":0},"end":{"line":17,"column":25}},"17":{"start":{"line":18,"column":0},"end":{"line":18,"column":19}},"18":{"start":{"line":19,"column":0},"end":{"line":19,"column":5}},"19":{"start":{"line":20,"column":0},"end":{"line":20,"column":0}},"20":{"start":{"line":21,"column":0},"end":{"line":21,"column":15}},"21":{"start":{"line":22,"column":0},"end":{"line":22,"column":3}},"22":{"start":{"line":23,"column":0},"end":{"line":23,"column":1}}},"s":{"0":1,"1":1,"2":1,"3":1,"4":1,"5":1,"6":1,"7":1,"8":1,"9":1,"10":1,"11":1,"12":1,"13":1,"14":1,"15":1,"16":1,"17":1,"18":1,"19":1,"20":1,"21":1,"22":1},"branchMap":{"0":{"type":"branch","line":3,"loc":{"start":{"line":3,"column":2},"end":{"line":9,"column":3}},"locations":[{"start":{"line":3,"column":2},"end":{"line":9,"column":3}}]},"1":{"type":"branch","line":12,"loc":{"start":{"line":12,"column":9},"end":{"line":22,"column":3}},"locations":[{"start":{"line":12,"column":9},"end":{"line":22,"column":3}}]}},"b":{"0":[1],"1":[1]},"fnMap":{"0":{"name":"User","decl":{"start":{"line":3,"column":2},"end":{"line":9,"column":3}},"loc":{"start":{"line":3,"column":2},"end":{"line":9,"column":3}},"line":3},"1":{"name":"getUser","decl":{"start":{"line":12,"column":9},"end":{"line":22,"column":3}},"loc":{"start":{"line":12,"column":9},"end":{"line":22,"column":3}},"line":12}},"f":{"0":1,"1":1}}
}
